<?xml version="1.0" encoding="UTF-8"?>
<!-- Generated by org.testng.reporters.JUnitReportReporter -->
<testsuite hostname="DESKTOP-6NQ8E1M" failures="0" tests="1" name="tests.TS004_ProductDetailsTest" time="32.770" errors="0" timestamp="2024-12-13T21:32:11 IST" skipped="0">
  <testcase classname="tests.TS004_ProductDetailsTest" name="checkProductDetails" time="32.770"/>
</testsuite> <!-- tests.TS004_ProductDetailsTest -->
