<?xml version="1.0" encoding="UTF-8"?>
<!-- Generated by org.testng.reporters.JUnitReportReporter -->
<testsuite hostname="DESKTOP-6NQ8E1M" failures="0" tests="1" name="tests.TS006_PurchaseTest" time="14.704" errors="0" timestamp="2024-12-13T21:32:11 IST" skipped="0">
  <testcase classname="tests.TS006_PurchaseTest" name="purchaseFunctionality" time="14.704"/>
</testsuite> <!-- tests.TS006_PurchaseTest -->
